2016-12-13 11:02:22,245 ERROR FAILED_COMMAND: kinit hbase/tw-suse2203 -kt /etc/hyperbase1/hbase.keytab
2016-12-13 11:02:22,247 ERROR ERROR_MESSAGE : sh: kinit: command not found
2016-12-13 11:02:22,250 ERROR FAILED_COMMAND: hbase --hosts tw-suse2203 shell cmd/hyperbase/hbase
2016-12-13 11:02:22,251 ERROR ERROR_MESSAGE : sh: hbase: command not found
2016-12-13 11:02:22,255 ERROR FAILED_COMMAND: hbase --hosts tw-suse2203 shell cmd/hyperbase/test
2016-12-13 11:02:22,256 ERROR ERROR_MESSAGE : sh: hbase: command not found
2016-12-13 11:02:22,260 ERROR FAILED_COMMAND: kinit hbase/tw-suse2203 -kt /etc/hyperbase1/hbase.keytab
2016-12-13 11:02:22,261 ERROR ERROR_MESSAGE : sh: kinit: command not found
2016-12-13 11:02:22,264 ERROR FAILED_COMMAND: hbase --hosts tw-suse2204 shell cmd/hyperbase/hbase
2016-12-13 11:02:22,265 ERROR ERROR_MESSAGE : sh: hbase: command not found
2016-12-13 11:02:22,270 ERROR FAILED_COMMAND: hbase --hosts tw-suse2204 shell cmd/hyperbase/test
2016-12-13 11:02:22,271 ERROR ERROR_MESSAGE : sh: hbase: command not found
2016-12-13 11:02:22,275 ERROR FAILED_COMMAND: kinit hbase/tw-suse2203 -kt /etc/hyperbase1/hbase.keytab
2016-12-13 11:02:22,276 ERROR ERROR_MESSAGE : sh: kinit: command not found
2016-12-13 11:02:22,280 ERROR FAILED_COMMAND: hbase --hosts tw-suse2205 shell cmd/hyperbase/hbase
2016-12-13 11:02:22,281 ERROR ERROR_MESSAGE : sh: hbase: command not found
2016-12-13 11:02:22,285 ERROR FAILED_COMMAND: hbase --hosts tw-suse2205 shell cmd/hyperbase/test
2016-12-13 11:02:22,286 ERROR ERROR_MESSAGE : sh: hbase: command not found
2016-12-14 14:10:02,197 ERROR FAILED_COMMAND: kinit hbase/tw-suse2203 -kt /etc/hyperbase1/hbase.keytab
2016-12-14 14:10:02,222 ERROR ERROR_MESSAGE : sh: kinit: command not found
2016-12-14 14:10:02,226 ERROR FAILED_COMMAND: hbase --hosts tw-suse2203 shell cmd/hyperbase/hbase
2016-12-14 14:10:02,227 ERROR ERROR_MESSAGE : sh: hbase: command not found
2016-12-14 14:10:02,232 ERROR FAILED_COMMAND: hbase --hosts tw-suse2203 shell cmd/hyperbase/test
2016-12-14 14:10:02,239 ERROR ERROR_MESSAGE : sh: hbase: command not found
2016-12-14 14:10:02,246 ERROR FAILED_COMMAND: kinit hbase/tw-suse2203 -kt /etc/hyperbase1/hbase.keytab
2016-12-14 14:10:02,248 ERROR ERROR_MESSAGE : sh: kinit: command not found
2016-12-14 14:10:02,251 ERROR FAILED_COMMAND: hbase --hosts tw-suse2204 shell cmd/hyperbase/hbase
2016-12-14 14:10:02,253 ERROR ERROR_MESSAGE : sh: hbase: command not found
2016-12-14 14:10:02,258 ERROR FAILED_COMMAND: hbase --hosts tw-suse2204 shell cmd/hyperbase/test
2016-12-14 14:10:02,259 ERROR ERROR_MESSAGE : sh: hbase: command not found
2016-12-14 14:10:02,271 ERROR FAILED_COMMAND: kinit hbase/tw-suse2203 -kt /etc/hyperbase1/hbase.keytab
2016-12-14 14:10:02,275 ERROR ERROR_MESSAGE : sh: kinit: command not found
2016-12-14 14:10:02,295 ERROR FAILED_COMMAND: hbase --hosts tw-suse2205 shell cmd/hyperbase/hbase
2016-12-14 14:10:02,296 ERROR ERROR_MESSAGE : sh: hbase: command not found
2016-12-14 14:10:02,309 ERROR FAILED_COMMAND: hbase --hosts tw-suse2205 shell cmd/hyperbase/test
2016-12-14 14:10:02,310 ERROR ERROR_MESSAGE : sh: hbase: command not found
2016-12-14 14:10:28,147 ERROR FAILED_COMMAND: kinit hbase/tw-suse2203 -kt /etc/hyperbase1/hbase.keytab
2016-12-14 14:10:28,148 ERROR ERROR_MESSAGE : sh: kinit: command not found
2016-12-14 14:10:28,154 ERROR FAILED_COMMAND: hbase --hosts tw-suse2203 shell cmd/hyperbase/hbase
2016-12-14 14:10:28,157 ERROR ERROR_MESSAGE : sh: hbase: command not found
2016-12-14 14:10:28,160 ERROR FAILED_COMMAND: hbase --hosts tw-suse2203 shell cmd/hyperbase/test
2016-12-14 14:10:28,161 ERROR ERROR_MESSAGE : sh: hbase: command not found
2016-12-14 14:10:28,180 ERROR FAILED_COMMAND: kinit hbase/tw-suse2203 -kt /etc/hyperbase1/hbase.keytab
2016-12-14 14:10:28,181 ERROR ERROR_MESSAGE : sh: kinit: command not found
2016-12-14 14:10:28,193 ERROR FAILED_COMMAND: hbase --hosts tw-suse2204 shell cmd/hyperbase/hbase
2016-12-14 14:10:28,194 ERROR ERROR_MESSAGE : sh: hbase: command not found
2016-12-14 14:10:28,203 ERROR FAILED_COMMAND: hbase --hosts tw-suse2204 shell cmd/hyperbase/test
2016-12-14 14:10:28,204 ERROR ERROR_MESSAGE : sh: hbase: command not found
2016-12-14 14:10:28,217 ERROR FAILED_COMMAND: kinit hbase/tw-suse2203 -kt /etc/hyperbase1/hbase.keytab
2016-12-14 14:10:28,218 ERROR ERROR_MESSAGE : sh: kinit: command not found
2016-12-14 14:10:28,222 ERROR FAILED_COMMAND: hbase --hosts tw-suse2205 shell cmd/hyperbase/hbase
2016-12-14 14:10:28,223 ERROR ERROR_MESSAGE : sh: hbase: command not found
2016-12-14 14:10:28,227 ERROR FAILED_COMMAND: hbase --hosts tw-suse2205 shell cmd/hyperbase/test
2016-12-14 14:10:28,229 ERROR ERROR_MESSAGE : sh: hbase: command not found
2016-12-14 14:13:36,854 ERROR FAILED_COMMAND: kinit hbase/tw-suse2203 -kt /etc/hyperbase1/hbase.keytab
2016-12-14 14:13:36,856 ERROR ERROR_MESSAGE : sh: kinit: command not found
2016-12-14 14:13:36,883 ERROR FAILED_COMMAND: hbase --hosts tw-suse2203 shell cmd/hyperbase/hbase
2016-12-14 14:13:36,884 ERROR ERROR_MESSAGE : sh: hbase: command not found
2016-12-14 14:13:36,899 ERROR FAILED_COMMAND: hbase --hosts tw-suse2203 shell cmd/hyperbase/test
2016-12-14 14:13:36,901 ERROR ERROR_MESSAGE : sh: hbase: command not found
2016-12-14 14:13:36,919 ERROR FAILED_COMMAND: kinit hbase/tw-suse2203 -kt /etc/hyperbase1/hbase.keytab
2016-12-14 14:13:36,927 ERROR ERROR_MESSAGE : sh: kinit: command not found
2016-12-14 14:13:36,946 ERROR FAILED_COMMAND: hbase --hosts tw-suse2204 shell cmd/hyperbase/hbase
2016-12-14 14:13:36,947 ERROR ERROR_MESSAGE : sh: hbase: command not found
2016-12-14 14:13:36,962 ERROR FAILED_COMMAND: hbase --hosts tw-suse2204 shell cmd/hyperbase/test
2016-12-14 14:13:36,963 ERROR ERROR_MESSAGE : sh: hbase: command not found
2016-12-14 14:13:36,989 ERROR FAILED_COMMAND: kinit hbase/tw-suse2203 -kt /etc/hyperbase1/hbase.keytab
2016-12-14 14:13:36,990 ERROR ERROR_MESSAGE : sh: kinit: command not found
2016-12-14 14:13:37,018 ERROR FAILED_COMMAND: hbase --hosts tw-suse2205 shell cmd/hyperbase/hbase
2016-12-14 14:13:37,019 ERROR ERROR_MESSAGE : sh: hbase: command not found
2016-12-14 14:13:37,032 ERROR FAILED_COMMAND: hbase --hosts tw-suse2205 shell cmd/hyperbase/test
2016-12-14 14:13:37,033 ERROR ERROR_MESSAGE : sh: hbase: command not found
2016-12-14 14:14:37,106 ERROR FAILED_COMMAND: kinit hbase/tw-suse2203 -kt /etc/hyperbase1/hbase.keytab
2016-12-14 14:14:37,107 ERROR ERROR_MESSAGE : sh: kinit: command not found
2016-12-14 14:14:37,126 ERROR FAILED_COMMAND: hbase --hosts tw-suse2203 shell cmd/hyperbase/hbase
2016-12-14 14:14:37,127 ERROR ERROR_MESSAGE : sh: hbase: command not found
2016-12-14 14:14:37,137 ERROR FAILED_COMMAND: hbase --hosts tw-suse2203 shell cmd/hyperbase/test
2016-12-14 14:14:37,138 ERROR ERROR_MESSAGE : sh: hbase: command not found
2016-12-14 14:14:37,153 ERROR FAILED_COMMAND: kinit hbase/tw-suse2203 -kt /etc/hyperbase1/hbase.keytab
2016-12-14 14:14:37,154 ERROR ERROR_MESSAGE : sh: kinit: command not found
2016-12-14 14:14:37,165 ERROR FAILED_COMMAND: hbase --hosts tw-suse2204 shell cmd/hyperbase/hbase
2016-12-14 14:14:37,166 ERROR ERROR_MESSAGE : sh: hbase: command not found
2016-12-14 14:14:37,184 ERROR FAILED_COMMAND: hbase --hosts tw-suse2204 shell cmd/hyperbase/test
2016-12-14 14:14:37,186 ERROR ERROR_MESSAGE : sh: hbase: command not found
2016-12-14 14:14:37,199 ERROR FAILED_COMMAND: kinit hbase/tw-suse2203 -kt /etc/hyperbase1/hbase.keytab
2016-12-14 14:14:37,200 ERROR ERROR_MESSAGE : sh: kinit: command not found
2016-12-14 14:14:37,215 ERROR FAILED_COMMAND: hbase --hosts tw-suse2205 shell cmd/hyperbase/hbase
2016-12-14 14:14:37,216 ERROR ERROR_MESSAGE : sh: hbase: command not found
2016-12-14 14:14:37,226 ERROR FAILED_COMMAND: hbase --hosts tw-suse2205 shell cmd/hyperbase/test
2016-12-14 14:14:37,227 ERROR ERROR_MESSAGE : sh: hbase: command not found
2016-12-14 14:57:15,243 ERROR FAILED_COMMAND: kinit hbase/tw-suse2203 -kt /etc/hyperbase1/hbase.keytab
2016-12-14 14:57:15,244 ERROR ERROR_MESSAGE : sh: kinit: command not found
2016-12-14 14:57:15,249 ERROR FAILED_COMMAND: hbase --hosts tw-suse2203 shell cmd/hyperbase/hbase
2016-12-14 14:57:15,250 ERROR ERROR_MESSAGE : sh: hbase: command not found
2016-12-14 14:57:15,254 ERROR FAILED_COMMAND: hbase --hosts tw-suse2203 shell cmd/hyperbase/test
2016-12-14 14:57:15,255 ERROR ERROR_MESSAGE : sh: hbase: command not found
2016-12-14 14:57:15,260 ERROR FAILED_COMMAND: kinit hbase/tw-suse2203 -kt /etc/hyperbase1/hbase.keytab
2016-12-14 14:57:15,262 ERROR ERROR_MESSAGE : sh: kinit: command not found
2016-12-14 14:57:15,266 ERROR FAILED_COMMAND: hbase --hosts tw-suse2204 shell cmd/hyperbase/hbase
2016-12-14 14:57:15,267 ERROR ERROR_MESSAGE : sh: hbase: command not found
2016-12-14 14:57:15,273 ERROR FAILED_COMMAND: hbase --hosts tw-suse2204 shell cmd/hyperbase/test
2016-12-14 14:57:15,274 ERROR ERROR_MESSAGE : sh: hbase: command not found
2016-12-14 14:57:15,285 ERROR FAILED_COMMAND: kinit hbase/tw-suse2203 -kt /etc/hyperbase1/hbase.keytab
2016-12-14 14:57:15,286 ERROR ERROR_MESSAGE : sh: kinit: command not found
2016-12-14 14:57:15,295 ERROR FAILED_COMMAND: hbase --hosts tw-suse2205 shell cmd/hyperbase/hbase
2016-12-14 14:57:15,296 ERROR ERROR_MESSAGE : sh: hbase: command not found
2016-12-14 14:57:15,301 ERROR FAILED_COMMAND: hbase --hosts tw-suse2205 shell cmd/hyperbase/test
2016-12-14 14:57:15,302 ERROR ERROR_MESSAGE : sh: hbase: command not found
2016-12-14 14:58:12,085 ERROR FAILED_COMMAND: kinit hbase/tw-suse2203 -kt /etc/hyperbase1/hbase.keytab
2016-12-14 14:58:12,086 ERROR ERROR_MESSAGE : sh: kinit: command not found
2016-12-14 14:58:12,090 ERROR FAILED_COMMAND: hbase --hosts tw-suse2203 shell cmd/hyperbase/hbase
2016-12-14 14:58:12,091 ERROR ERROR_MESSAGE : sh: hbase: command not found
2016-12-14 14:58:12,095 ERROR FAILED_COMMAND: hbase --hosts tw-suse2203 shell cmd/hyperbase/test
2016-12-14 14:58:12,096 ERROR ERROR_MESSAGE : sh: hbase: command not found
2016-12-14 14:58:12,101 ERROR FAILED_COMMAND: kinit hbase/tw-suse2203 -kt /etc/hyperbase1/hbase.keytab
2016-12-14 14:58:12,102 ERROR ERROR_MESSAGE : sh: kinit: command not found
2016-12-14 14:58:12,106 ERROR FAILED_COMMAND: hbase --hosts tw-suse2204 shell cmd/hyperbase/hbase
2016-12-14 14:58:12,107 ERROR ERROR_MESSAGE : sh: hbase: command not found
2016-12-14 14:58:12,112 ERROR FAILED_COMMAND: hbase --hosts tw-suse2204 shell cmd/hyperbase/test
2016-12-14 14:58:12,112 ERROR ERROR_MESSAGE : sh: hbase: command not found
2016-12-14 14:58:12,117 ERROR FAILED_COMMAND: kinit hbase/tw-suse2203 -kt /etc/hyperbase1/hbase.keytab
2016-12-14 14:58:12,118 ERROR ERROR_MESSAGE : sh: kinit: command not found
2016-12-14 14:58:12,123 ERROR FAILED_COMMAND: hbase --hosts tw-suse2205 shell cmd/hyperbase/hbase
2016-12-14 14:58:12,124 ERROR ERROR_MESSAGE : sh: hbase: command not found
2016-12-14 14:58:12,128 ERROR FAILED_COMMAND: hbase --hosts tw-suse2205 shell cmd/hyperbase/test
2016-12-14 14:58:12,128 ERROR ERROR_MESSAGE : sh: hbase: command not found
2016-12-14 15:06:37,258 ERROR FAILED_COMMAND: kinit hbase/tw-suse2203 -kt /etc/hyperbase1/hbase.keytab
2016-12-14 15:06:37,260 ERROR ERROR_MESSAGE : sh: kinit: command not found
2016-12-14 15:06:37,264 ERROR FAILED_COMMAND: hbase --hosts tw-suse2203 shell cmd/hyperbase/hbase
2016-12-14 15:06:37,265 ERROR ERROR_MESSAGE : sh: hbase: command not found
2016-12-14 15:06:37,273 ERROR FAILED_COMMAND: hbase --hosts tw-suse2203 shell cmd/hyperbase/test
2016-12-14 15:06:37,275 ERROR ERROR_MESSAGE : sh: hbase: command not found
2016-12-14 15:06:37,279 ERROR FAILED_COMMAND: kinit hbase/tw-suse2203 -kt /etc/hyperbase1/hbase.keytab
2016-12-14 15:06:37,280 ERROR ERROR_MESSAGE : sh: kinit: command not found
2016-12-14 15:06:37,283 ERROR FAILED_COMMAND: hbase --hosts tw-suse2204 shell cmd/hyperbase/hbase
2016-12-14 15:06:37,284 ERROR ERROR_MESSAGE : sh: hbase: command not found
2016-12-14 15:06:37,288 ERROR FAILED_COMMAND: hbase --hosts tw-suse2204 shell cmd/hyperbase/test
2016-12-14 15:06:37,289 ERROR ERROR_MESSAGE : sh: hbase: command not found
2016-12-14 15:06:37,293 ERROR FAILED_COMMAND: kinit hbase/tw-suse2203 -kt /etc/hyperbase1/hbase.keytab
2016-12-14 15:06:37,294 ERROR ERROR_MESSAGE : sh: kinit: command not found
2016-12-14 15:06:37,297 ERROR FAILED_COMMAND: hbase --hosts tw-suse2205 shell cmd/hyperbase/hbase
2016-12-14 15:06:37,298 ERROR ERROR_MESSAGE : sh: hbase: command not found
2016-12-14 15:06:37,302 ERROR FAILED_COMMAND: hbase --hosts tw-suse2205 shell cmd/hyperbase/test
2016-12-14 15:06:37,303 ERROR ERROR_MESSAGE : sh: hbase: command not found
2016-12-14 15:11:38,435 ERROR FAILED_COMMAND: kinit hbase/tw-suse2203 -kt /etc/hyperbase1/hbase.keytab
2016-12-14 15:11:38,438 ERROR ERROR_MESSAGE : sh: kinit: command not found
2016-12-14 15:11:38,443 ERROR FAILED_COMMAND: hbase --hosts tw-suse2203 shell cmd/hyperbase/hbase
2016-12-14 15:11:38,445 ERROR ERROR_MESSAGE : sh: hbase: command not found
2016-12-14 15:11:38,449 ERROR FAILED_COMMAND: hbase --hosts tw-suse2203 shell cmd/hyperbase/test
2016-12-14 15:11:38,453 ERROR ERROR_MESSAGE : sh: hbase: command not found
2016-12-14 15:11:38,457 ERROR FAILED_COMMAND: kinit hbase/tw-suse2203 -kt /etc/hyperbase1/hbase.keytab
2016-12-14 15:11:38,460 ERROR ERROR_MESSAGE : sh: kinit: command not found
2016-12-14 15:11:38,465 ERROR FAILED_COMMAND: hbase --hosts tw-suse2204 shell cmd/hyperbase/hbase
2016-12-14 15:11:38,466 ERROR ERROR_MESSAGE : sh: hbase: command not found
2016-12-14 15:11:38,472 ERROR FAILED_COMMAND: hbase --hosts tw-suse2204 shell cmd/hyperbase/test
2016-12-14 15:11:38,473 ERROR ERROR_MESSAGE : sh: hbase: command not found
2016-12-14 15:11:38,477 ERROR FAILED_COMMAND: kinit hbase/tw-suse2203 -kt /etc/hyperbase1/hbase.keytab
2016-12-14 15:11:38,480 ERROR ERROR_MESSAGE : sh: kinit: command not found
2016-12-14 15:11:38,484 ERROR FAILED_COMMAND: hbase --hosts tw-suse2205 shell cmd/hyperbase/hbase
2016-12-14 15:11:38,486 ERROR ERROR_MESSAGE : sh: hbase: command not found
2016-12-14 15:11:38,492 ERROR FAILED_COMMAND: hbase --hosts tw-suse2205 shell cmd/hyperbase/test
2016-12-14 15:11:38,493 ERROR ERROR_MESSAGE : sh: hbase: command not found
2016-12-14 15:36:17,923 ERROR FAILED_COMMAND: kinit hbase/tw-suse2203 -kt /etc/hyperbase1/hbase.keytab
2016-12-14 15:36:17,924 ERROR ERROR_MESSAGE : sh: kinit: command not found
2016-12-14 15:36:17,928 ERROR FAILED_COMMAND: hbase --hosts tw-suse2203 shell cmd/hyperbase/hbase
2016-12-14 15:36:17,930 ERROR ERROR_MESSAGE : sh: hbase: command not found
2016-12-14 15:36:17,934 ERROR FAILED_COMMAND: hbase --hosts tw-suse2203 shell cmd/hyperbase/test
2016-12-14 15:36:17,937 ERROR ERROR_MESSAGE : sh: hbase: command not found
2016-12-14 15:36:17,942 ERROR FAILED_COMMAND: kinit hbase/tw-suse2203 -kt /etc/hyperbase1/hbase.keytab
2016-12-14 15:36:17,943 ERROR ERROR_MESSAGE : sh: kinit: command not found
2016-12-14 15:36:17,948 ERROR FAILED_COMMAND: hbase --hosts tw-suse2204 shell cmd/hyperbase/hbase
2016-12-14 15:36:17,953 ERROR ERROR_MESSAGE : sh: hbase: command not found
2016-12-14 15:36:17,964 ERROR FAILED_COMMAND: hbase --hosts tw-suse2204 shell cmd/hyperbase/test
2016-12-14 15:36:17,967 ERROR ERROR_MESSAGE : sh: hbase: command not found
2016-12-14 15:36:17,978 ERROR FAILED_COMMAND: kinit hbase/tw-suse2203 -kt /etc/hyperbase1/hbase.keytab
2016-12-14 15:36:17,980 ERROR ERROR_MESSAGE : sh: kinit: command not found
2016-12-14 15:36:17,985 ERROR FAILED_COMMAND: hbase --hosts tw-suse2205 shell cmd/hyperbase/hbase
2016-12-14 15:36:17,986 ERROR ERROR_MESSAGE : sh: hbase: command not found
2016-12-14 15:36:17,992 ERROR FAILED_COMMAND: hbase --hosts tw-suse2205 shell cmd/hyperbase/test
2016-12-14 15:36:17,993 ERROR ERROR_MESSAGE : sh: hbase: command not found
2016-12-14 16:48:37,691 ERROR FAILED_COMMAND: kinit hbase/tw-suse2203 -kt /etc/hyperbase1/hbase.keytab
2016-12-14 16:48:37,693 ERROR ERROR_MESSAGE : sh: kinit: command not found
2016-12-14 16:48:37,696 ERROR FAILED_COMMAND: hbase --hosts tw-suse2203 shell cmd/hyperbase/hbase
2016-12-14 16:48:37,698 ERROR ERROR_MESSAGE : sh: hbase: command not found
2016-12-14 16:48:37,701 ERROR FAILED_COMMAND: hbase --hosts tw-suse2203 shell cmd/hyperbase/test
2016-12-14 16:48:37,703 ERROR ERROR_MESSAGE : sh: hbase: command not found
2016-12-14 16:48:37,707 ERROR FAILED_COMMAND: kinit hbase/tw-suse2203 -kt /etc/hyperbase1/hbase.keytab
2016-12-14 16:48:37,708 ERROR ERROR_MESSAGE : sh: kinit: command not found
2016-12-14 16:48:37,712 ERROR FAILED_COMMAND: hbase --hosts tw-suse2204 shell cmd/hyperbase/hbase
2016-12-14 16:48:37,713 ERROR ERROR_MESSAGE : sh: hbase: command not found
2016-12-14 16:48:37,717 ERROR FAILED_COMMAND: hbase --hosts tw-suse2204 shell cmd/hyperbase/test
2016-12-14 16:48:37,718 ERROR ERROR_MESSAGE : sh: hbase: command not found
2016-12-14 16:48:37,722 ERROR FAILED_COMMAND: kinit hbase/tw-suse2203 -kt /etc/hyperbase1/hbase.keytab
2016-12-14 16:48:37,724 ERROR ERROR_MESSAGE : sh: kinit: command not found
2016-12-14 16:48:37,727 ERROR FAILED_COMMAND: hbase --hosts tw-suse2205 shell cmd/hyperbase/hbase
2016-12-14 16:48:37,729 ERROR ERROR_MESSAGE : sh: hbase: command not found
2016-12-14 16:48:37,732 ERROR FAILED_COMMAND: hbase --hosts tw-suse2205 shell cmd/hyperbase/test
2016-12-14 16:48:37,733 ERROR ERROR_MESSAGE : sh: hbase: command not found
2016-12-15 10:08:05,534 ERROR FAILED_COMMAND: kinit hbase/tw-suse2203 -kt /etc/hyperbase1/hbase.keytab
2016-12-15 10:08:05,539 ERROR ERROR_MESSAGE : sh: kinit: command not found
2016-12-15 10:08:05,553 ERROR FAILED_COMMAND: hbase --hosts tw-suse2203 shell cmd/hyperbase/hbase
2016-12-15 10:08:05,563 ERROR ERROR_MESSAGE : sh: hbase: command not found
2016-12-15 10:08:05,575 ERROR FAILED_COMMAND: hbase --hosts tw-suse2203 shell cmd/hyperbase/test
2016-12-15 10:08:05,577 ERROR ERROR_MESSAGE : sh: hbase: command not found
2016-12-15 10:08:05,595 ERROR FAILED_COMMAND: kinit hbase/tw-suse2203 -kt /etc/hyperbase1/hbase.keytab
2016-12-15 10:08:05,596 ERROR ERROR_MESSAGE : sh: kinit: command not found
2016-12-15 10:08:05,609 ERROR FAILED_COMMAND: hbase --hosts tw-suse2204 shell cmd/hyperbase/hbase
2016-12-15 10:08:05,611 ERROR ERROR_MESSAGE : sh: hbase: command not found
2016-12-15 10:08:05,622 ERROR FAILED_COMMAND: hbase --hosts tw-suse2204 shell cmd/hyperbase/test
2016-12-15 10:08:05,623 ERROR ERROR_MESSAGE : sh: hbase: command not found
2016-12-15 10:08:05,638 ERROR FAILED_COMMAND: kinit hbase/tw-suse2203 -kt /etc/hyperbase1/hbase.keytab
2016-12-15 10:08:05,639 ERROR ERROR_MESSAGE : sh: kinit: command not found
2016-12-15 10:08:05,653 ERROR FAILED_COMMAND: hbase --hosts tw-suse2205 shell cmd/hyperbase/hbase
2016-12-15 10:08:05,657 ERROR ERROR_MESSAGE : sh: hbase: command not found
2016-12-15 10:08:05,666 ERROR FAILED_COMMAND: hbase --hosts tw-suse2205 shell cmd/hyperbase/test
2016-12-15 10:08:05,671 ERROR ERROR_MESSAGE : sh: hbase: command not found
2016-12-15 10:52:46,833 ERROR FAILED_COMMAND: kinit hbase/tw-suse2203 -kt /etc/hyperbase1/hbase.keytab
2016-12-15 10:52:46,840 ERROR ERROR_MESSAGE : sh: kinit: command not found
2016-12-15 10:52:46,854 ERROR FAILED_COMMAND: hbase --hosts tw-suse2203 shell cmd/hyperbase/hbase
2016-12-15 10:52:46,867 ERROR ERROR_MESSAGE : sh: hbase: command not found
2016-12-15 10:52:46,879 ERROR FAILED_COMMAND: hbase --hosts tw-suse2203 shell cmd/hyperbase/test
2016-12-15 10:52:46,881 ERROR ERROR_MESSAGE : sh: hbase: command not found
2016-12-15 10:52:46,896 ERROR FAILED_COMMAND: kinit hbase/tw-suse2203 -kt /etc/hyperbase1/hbase.keytab
2016-12-15 10:52:46,897 ERROR ERROR_MESSAGE : sh: kinit: command not found
2016-12-15 10:52:46,907 ERROR FAILED_COMMAND: hbase --hosts tw-suse2204 shell cmd/hyperbase/hbase
2016-12-15 10:52:46,908 ERROR ERROR_MESSAGE : sh: hbase: command not found
2016-12-15 10:52:46,914 ERROR FAILED_COMMAND: hbase --hosts tw-suse2204 shell cmd/hyperbase/test
2016-12-15 10:52:46,916 ERROR ERROR_MESSAGE : sh: hbase: command not found
2016-12-15 10:52:46,923 ERROR FAILED_COMMAND: kinit hbase/tw-suse2203 -kt /etc/hyperbase1/hbase.keytab
2016-12-15 10:52:46,928 ERROR ERROR_MESSAGE : sh: kinit: command not found
2016-12-15 10:52:46,934 ERROR FAILED_COMMAND: hbase --hosts tw-suse2205 shell cmd/hyperbase/hbase
2016-12-15 10:52:46,935 ERROR ERROR_MESSAGE : sh: hbase: command not found
2016-12-15 10:52:46,940 ERROR FAILED_COMMAND: hbase --hosts tw-suse2205 shell cmd/hyperbase/test
2016-12-15 10:52:46,942 ERROR ERROR_MESSAGE : sh: hbase: command not found
2016-12-15 10:53:39,606 ERROR FAILED_COMMAND: kinit hbase/tw-suse2203 -kt /etc/hyperbase1/hbase.keytab
2016-12-15 10:53:39,608 ERROR ERROR_MESSAGE : sh: kinit: command not found
2016-12-15 10:53:39,625 ERROR FAILED_COMMAND: hbase --hosts tw-suse2203 shell cmd/hyperbase/hbase
2016-12-15 10:53:39,638 ERROR ERROR_MESSAGE : sh: hbase: command not found
2016-12-15 10:53:39,650 ERROR FAILED_COMMAND: hbase --hosts tw-suse2203 shell cmd/hyperbase/test
2016-12-15 10:53:39,658 ERROR ERROR_MESSAGE : sh: hbase: command not found
2016-12-15 10:53:39,676 ERROR FAILED_COMMAND: kinit hbase/tw-suse2203 -kt /etc/hyperbase1/hbase.keytab
2016-12-15 10:53:39,680 ERROR ERROR_MESSAGE : sh: kinit: command not found
2016-12-15 10:53:39,696 ERROR FAILED_COMMAND: hbase --hosts tw-suse2204 shell cmd/hyperbase/hbase
2016-12-15 10:53:39,698 ERROR ERROR_MESSAGE : sh: hbase: command not found
2016-12-15 10:53:39,709 ERROR FAILED_COMMAND: hbase --hosts tw-suse2204 shell cmd/hyperbase/test
2016-12-15 10:53:39,713 ERROR ERROR_MESSAGE : sh: hbase: command not found
2016-12-15 10:53:39,725 ERROR FAILED_COMMAND: kinit hbase/tw-suse2203 -kt /etc/hyperbase1/hbase.keytab
2016-12-15 10:53:39,727 ERROR ERROR_MESSAGE : sh: kinit: command not found
2016-12-15 10:53:39,737 ERROR FAILED_COMMAND: hbase --hosts tw-suse2205 shell cmd/hyperbase/hbase
2016-12-15 10:53:39,738 ERROR ERROR_MESSAGE : sh: hbase: command not found
2016-12-15 10:53:39,744 ERROR FAILED_COMMAND: hbase --hosts tw-suse2205 shell cmd/hyperbase/test
2016-12-15 10:53:39,746 ERROR ERROR_MESSAGE : sh: hbase: command not found
2016-12-15 10:54:35,586 ERROR FAILED_COMMAND: kinit hbase/tw-suse2203 -kt /etc/hyperbase1/hbase.keytab
2016-12-15 10:54:35,588 ERROR ERROR_MESSAGE : sh: kinit: command not found
2016-12-15 10:54:35,593 ERROR FAILED_COMMAND: hbase --hosts tw-suse2203 shell cmd/hyperbase/hbase
2016-12-15 10:54:35,594 ERROR ERROR_MESSAGE : sh: hbase: command not found
2016-12-15 10:54:35,599 ERROR FAILED_COMMAND: hbase --hosts tw-suse2203 shell cmd/hyperbase/test
2016-12-15 10:54:35,600 ERROR ERROR_MESSAGE : sh: hbase: command not found
2016-12-15 10:54:35,608 ERROR FAILED_COMMAND: kinit hbase/tw-suse2203 -kt /etc/hyperbase1/hbase.keytab
2016-12-15 10:54:35,610 ERROR ERROR_MESSAGE : sh: kinit: command not found
2016-12-15 10:54:35,614 ERROR FAILED_COMMAND: hbase --hosts tw-suse2204 shell cmd/hyperbase/hbase
2016-12-15 10:54:35,615 ERROR ERROR_MESSAGE : sh: hbase: command not found
2016-12-15 10:54:35,629 ERROR FAILED_COMMAND: hbase --hosts tw-suse2204 shell cmd/hyperbase/test
2016-12-15 10:54:35,630 ERROR ERROR_MESSAGE : sh: hbase: command not found
2016-12-15 10:54:35,642 ERROR FAILED_COMMAND: kinit hbase/tw-suse2203 -kt /etc/hyperbase1/hbase.keytab
2016-12-15 10:54:35,644 ERROR ERROR_MESSAGE : sh: kinit: command not found
2016-12-15 10:54:35,651 ERROR FAILED_COMMAND: hbase --hosts tw-suse2205 shell cmd/hyperbase/hbase
2016-12-15 10:54:35,656 ERROR ERROR_MESSAGE : sh: hbase: command not found
2016-12-15 10:54:35,673 ERROR FAILED_COMMAND: hbase --hosts tw-suse2205 shell cmd/hyperbase/test
2016-12-15 10:54:35,674 ERROR ERROR_MESSAGE : sh: hbase: command not found
