2016-12-13 11:02:22,290 ERROR FAILED_COMMAND: kinit hive/tw-suse2203 -kt /etc/inceptorsql1/hive.keytab
2016-12-13 11:02:22,291 ERROR ERROR_MESSAGE : sh: kinit: command not found
2016-12-13 11:02:22,295 ERROR FAILED_COMMAND: beeline -u "jdbc:hive2://tw-suse2203:10000/default;principal=hive/tw-suse2203@TDH" -f cmd/inceptor/hive2
2016-12-13 11:02:22,296 ERROR ERROR_MESSAGE : sh: beeline: command not found
2016-12-13 11:02:22,300 ERROR FAILED_COMMAND: kinit hive/tw-suse2203 -kt /etc/inceptorsql1/hive.keytab
2016-12-13 11:02:22,301 ERROR ERROR_MESSAGE : sh: kinit: command not found
2016-12-13 11:02:22,305 ERROR FAILED_COMMAND: beeline -u "jdbc:hive2://tw-suse2204:10000/default;principal=hive/tw-suse2204@TDH" -f cmd/inceptor/hive2
2016-12-13 11:02:22,306 ERROR ERROR_MESSAGE : sh: beeline: command not found
2016-12-14 14:10:02,329 ERROR FAILED_COMMAND: kinit hive/tw-suse2203 -kt /etc/inceptorsql1/hive.keytab
2016-12-14 14:10:02,357 ERROR ERROR_MESSAGE : sh: kinit: command not found
2016-12-14 14:10:02,373 ERROR FAILED_COMMAND: beeline -u "jdbc:hive2://tw-suse2203:10000/default;principal=hive/tw-suse2203@TDH" -f cmd/inceptor/hive2
2016-12-14 14:10:02,375 ERROR ERROR_MESSAGE : sh: beeline: command not found
2016-12-14 14:10:02,393 ERROR FAILED_COMMAND: kinit hive/tw-suse2203 -kt /etc/inceptorsql1/hive.keytab
2016-12-14 14:10:02,394 ERROR ERROR_MESSAGE : sh: kinit: command not found
2016-12-14 14:10:02,405 ERROR FAILED_COMMAND: beeline -u "jdbc:hive2://tw-suse2204:10000/default;principal=hive/tw-suse2204@TDH" -f cmd/inceptor/hive2
2016-12-14 14:10:02,406 ERROR ERROR_MESSAGE : sh: beeline: command not found
2016-12-14 14:10:28,236 ERROR FAILED_COMMAND: kinit hive/tw-suse2203 -kt /etc/inceptorsql1/hive.keytab
2016-12-14 14:10:28,237 ERROR ERROR_MESSAGE : sh: kinit: command not found
2016-12-14 14:10:28,241 ERROR FAILED_COMMAND: beeline -u "jdbc:hive2://tw-suse2203:10000/default;principal=hive/tw-suse2203@TDH" -f cmd/inceptor/hive2
2016-12-14 14:10:28,242 ERROR ERROR_MESSAGE : sh: beeline: command not found
2016-12-14 14:10:28,247 ERROR FAILED_COMMAND: kinit hive/tw-suse2203 -kt /etc/inceptorsql1/hive.keytab
2016-12-14 14:10:28,248 ERROR ERROR_MESSAGE : sh: kinit: command not found
2016-12-14 14:10:28,252 ERROR FAILED_COMMAND: beeline -u "jdbc:hive2://tw-suse2204:10000/default;principal=hive/tw-suse2204@TDH" -f cmd/inceptor/hive2
2016-12-14 14:10:28,253 ERROR ERROR_MESSAGE : sh: beeline: command not found
2016-12-14 14:13:37,049 ERROR FAILED_COMMAND: kinit hive/tw-suse2203 -kt /etc/inceptorsql1/hive.keytab
2016-12-14 14:13:37,050 ERROR ERROR_MESSAGE : sh: kinit: command not found
2016-12-14 14:13:37,063 ERROR FAILED_COMMAND: beeline -u "jdbc:hive2://tw-suse2203:10000/default;principal=hive/tw-suse2203@TDH" -f cmd/inceptor/hive2
2016-12-14 14:13:37,065 ERROR ERROR_MESSAGE : sh: beeline: command not found
2016-12-14 14:13:37,080 ERROR FAILED_COMMAND: kinit hive/tw-suse2203 -kt /etc/inceptorsql1/hive.keytab
2016-12-14 14:13:37,081 ERROR ERROR_MESSAGE : sh: kinit: command not found
2016-12-14 14:13:37,095 ERROR FAILED_COMMAND: beeline -u "jdbc:hive2://tw-suse2204:10000/default;principal=hive/tw-suse2204@TDH" -f cmd/inceptor/hive2
2016-12-14 14:13:37,096 ERROR ERROR_MESSAGE : sh: beeline: command not found
2016-12-14 14:14:37,236 ERROR FAILED_COMMAND: kinit hive/tw-suse2203 -kt /etc/inceptorsql1/hive.keytab
2016-12-14 14:14:37,237 ERROR ERROR_MESSAGE : sh: kinit: command not found
2016-12-14 14:14:37,243 ERROR FAILED_COMMAND: beeline -u "jdbc:hive2://tw-suse2203:10000/default;principal=hive/tw-suse2203@TDH" -f cmd/inceptor/hive2
2016-12-14 14:14:37,244 ERROR ERROR_MESSAGE : sh: beeline: command not found
2016-12-14 14:14:37,251 ERROR FAILED_COMMAND: kinit hive/tw-suse2203 -kt /etc/inceptorsql1/hive.keytab
2016-12-14 14:14:37,253 ERROR ERROR_MESSAGE : sh: kinit: command not found
2016-12-14 14:14:37,257 ERROR FAILED_COMMAND: beeline -u "jdbc:hive2://tw-suse2204:10000/default;principal=hive/tw-suse2204@TDH" -f cmd/inceptor/hive2
2016-12-14 14:14:37,258 ERROR ERROR_MESSAGE : sh: beeline: command not found
2016-12-14 14:57:15,311 ERROR FAILED_COMMAND: kinit hive/tw-suse2203 -kt /etc/inceptorsql1/hive.keytab
2016-12-14 14:57:15,312 ERROR ERROR_MESSAGE : sh: kinit: command not found
2016-12-14 14:57:15,316 ERROR FAILED_COMMAND: beeline -u "jdbc:hive2://tw-suse2203:10000/default;principal=hive/tw-suse2203@TDH" -f cmd/inceptor/hive2
2016-12-14 14:57:15,318 ERROR ERROR_MESSAGE : sh: beeline: command not found
2016-12-14 14:57:15,326 ERROR FAILED_COMMAND: kinit hive/tw-suse2203 -kt /etc/inceptorsql1/hive.keytab
2016-12-14 14:57:15,327 ERROR ERROR_MESSAGE : sh: kinit: command not found
2016-12-14 14:57:15,336 ERROR FAILED_COMMAND: beeline -u "jdbc:hive2://tw-suse2204:10000/default;principal=hive/tw-suse2204@TDH" -f cmd/inceptor/hive2
2016-12-14 14:57:15,337 ERROR ERROR_MESSAGE : sh: beeline: command not found
2016-12-14 14:58:12,135 ERROR FAILED_COMMAND: kinit hive/tw-suse2203 -kt /etc/inceptorsql1/hive.keytab
2016-12-14 14:58:12,136 ERROR ERROR_MESSAGE : sh: kinit: command not found
2016-12-14 14:58:12,142 ERROR FAILED_COMMAND: beeline -u "jdbc:hive2://tw-suse2203:10000/default;principal=hive/tw-suse2203@TDH" -f cmd/inceptor/hive2
2016-12-14 14:58:12,143 ERROR ERROR_MESSAGE : sh: beeline: command not found
2016-12-14 14:58:12,149 ERROR FAILED_COMMAND: kinit hive/tw-suse2203 -kt /etc/inceptorsql1/hive.keytab
2016-12-14 14:58:12,150 ERROR ERROR_MESSAGE : sh: kinit: command not found
2016-12-14 14:58:12,154 ERROR FAILED_COMMAND: beeline -u "jdbc:hive2://tw-suse2204:10000/default;principal=hive/tw-suse2204@TDH" -f cmd/inceptor/hive2
2016-12-14 14:58:12,156 ERROR ERROR_MESSAGE : sh: beeline: command not found
2016-12-14 15:06:37,307 ERROR FAILED_COMMAND: kinit hive/tw-suse2203 -kt /etc/inceptorsql1/hive.keytab
2016-12-14 15:06:37,308 ERROR ERROR_MESSAGE : sh: kinit: command not found
2016-12-14 15:06:37,312 ERROR FAILED_COMMAND: beeline -u "jdbc:hive2://tw-suse2203:10000/default;principal=hive/tw-suse2203@TDH" -f cmd/inceptor/hive2
2016-12-14 15:06:37,313 ERROR ERROR_MESSAGE : sh: beeline: command not found
2016-12-14 15:06:37,317 ERROR FAILED_COMMAND: kinit hive/tw-suse2203 -kt /etc/inceptorsql1/hive.keytab
2016-12-14 15:06:37,318 ERROR ERROR_MESSAGE : sh: kinit: command not found
2016-12-14 15:06:37,321 ERROR FAILED_COMMAND: beeline -u "jdbc:hive2://tw-suse2204:10000/default;principal=hive/tw-suse2204@TDH" -f cmd/inceptor/hive2
2016-12-14 15:06:37,322 ERROR ERROR_MESSAGE : sh: beeline: command not found
2016-12-14 15:11:38,498 ERROR FAILED_COMMAND: kinit hive/tw-suse2203 -kt /etc/inceptorsql1/hive.keytab
2016-12-14 15:11:38,500 ERROR ERROR_MESSAGE : sh: kinit: command not found
2016-12-14 15:11:38,505 ERROR FAILED_COMMAND: beeline -u "jdbc:hive2://tw-suse2203:10000/default;principal=hive/tw-suse2203@TDH" -f cmd/inceptor/hive2
2016-12-14 15:11:38,510 ERROR ERROR_MESSAGE : sh: beeline: command not found
2016-12-14 15:11:38,516 ERROR FAILED_COMMAND: kinit hive/tw-suse2203 -kt /etc/inceptorsql1/hive.keytab
2016-12-14 15:11:38,517 ERROR ERROR_MESSAGE : sh: kinit: command not found
2016-12-14 15:11:38,521 ERROR FAILED_COMMAND: beeline -u "jdbc:hive2://tw-suse2204:10000/default;principal=hive/tw-suse2204@TDH" -f cmd/inceptor/hive2
2016-12-14 15:11:38,524 ERROR ERROR_MESSAGE : sh: beeline: command not found
2016-12-14 15:36:17,997 ERROR FAILED_COMMAND: kinit hive/tw-suse2203 -kt /etc/inceptorsql1/hive.keytab
2016-12-14 15:36:17,999 ERROR ERROR_MESSAGE : sh: kinit: command not found
2016-12-14 15:36:18,004 ERROR FAILED_COMMAND: beeline -u "jdbc:hive2://tw-suse2203:10000/default;principal=hive/tw-suse2203@TDH" -f cmd/inceptor/hive2
2016-12-14 15:36:18,006 ERROR ERROR_MESSAGE : sh: beeline: command not found
2016-12-14 15:36:18,010 ERROR FAILED_COMMAND: kinit hive/tw-suse2203 -kt /etc/inceptorsql1/hive.keytab
2016-12-14 15:36:18,012 ERROR ERROR_MESSAGE : sh: kinit: command not found
2016-12-14 15:36:18,016 ERROR FAILED_COMMAND: beeline -u "jdbc:hive2://tw-suse2204:10000/default;principal=hive/tw-suse2204@TDH" -f cmd/inceptor/hive2
2016-12-14 15:36:18,018 ERROR ERROR_MESSAGE : sh: beeline: command not found
2016-12-14 16:48:37,738 ERROR FAILED_COMMAND: kinit hive/tw-suse2203 -kt /etc/inceptorsql1/hive.keytab
2016-12-14 16:48:37,740 ERROR ERROR_MESSAGE : sh: kinit: command not found
2016-12-14 16:48:37,743 ERROR FAILED_COMMAND: beeline -u "jdbc:hive2://tw-suse2203:10000/default;principal=hive/tw-suse2203@TDH" -f cmd/inceptor/hive2
2016-12-14 16:48:37,745 ERROR ERROR_MESSAGE : sh: beeline: command not found
2016-12-14 16:48:37,749 ERROR FAILED_COMMAND: kinit hive/tw-suse2203 -kt /etc/inceptorsql1/hive.keytab
2016-12-14 16:48:37,750 ERROR ERROR_MESSAGE : sh: kinit: command not found
2016-12-14 16:48:37,754 ERROR FAILED_COMMAND: beeline -u "jdbc:hive2://tw-suse2204:10000/default;principal=hive/tw-suse2204@TDH" -f cmd/inceptor/hive2
2016-12-14 16:48:37,755 ERROR ERROR_MESSAGE : sh: beeline: command not found
2016-12-15 10:08:05,682 ERROR FAILED_COMMAND: kinit hive/tw-suse2203 -kt /etc/inceptorsql1/hive.keytab
2016-12-15 10:08:05,684 ERROR ERROR_MESSAGE : sh: kinit: command not found
2016-12-15 10:08:05,711 ERROR FAILED_COMMAND: beeline -u "jdbc:hive2://tw-suse2203:10000/default;principal=hive/tw-suse2203@TDH" -f cmd/inceptor/hive2
2016-12-15 10:08:05,717 ERROR ERROR_MESSAGE : sh: beeline: command not found
2016-12-15 10:08:05,733 ERROR FAILED_COMMAND: kinit hive/tw-suse2203 -kt /etc/inceptorsql1/hive.keytab
2016-12-15 10:08:05,737 ERROR ERROR_MESSAGE : sh: kinit: command not found
2016-12-15 10:08:05,752 ERROR FAILED_COMMAND: beeline -u "jdbc:hive2://tw-suse2204:10000/default;principal=hive/tw-suse2204@TDH" -f cmd/inceptor/hive2
2016-12-15 10:08:05,753 ERROR ERROR_MESSAGE : sh: beeline: command not found
2016-12-15 10:52:46,948 ERROR FAILED_COMMAND: kinit hive/tw-suse2203 -kt /etc/inceptorsql1/hive.keytab
2016-12-15 10:52:46,950 ERROR ERROR_MESSAGE : sh: kinit: command not found
2016-12-15 10:52:46,956 ERROR FAILED_COMMAND: beeline -u "jdbc:hive2://tw-suse2203:10000/default;principal=hive/tw-suse2203@TDH" -f cmd/inceptor/hive2
2016-12-15 10:52:46,958 ERROR ERROR_MESSAGE : sh: beeline: command not found
2016-12-15 10:52:46,965 ERROR FAILED_COMMAND: kinit hive/tw-suse2203 -kt /etc/inceptorsql1/hive.keytab
2016-12-15 10:52:46,968 ERROR ERROR_MESSAGE : sh: kinit: command not found
2016-12-15 10:52:46,972 ERROR FAILED_COMMAND: beeline -u "jdbc:hive2://tw-suse2204:10000/default;principal=hive/tw-suse2204@TDH" -f cmd/inceptor/hive2
2016-12-15 10:52:46,975 ERROR ERROR_MESSAGE : sh: beeline: command not found
2016-12-15 10:53:39,752 ERROR FAILED_COMMAND: kinit hive/tw-suse2203 -kt /etc/inceptorsql1/hive.keytab
2016-12-15 10:53:39,753 ERROR ERROR_MESSAGE : sh: kinit: command not found
2016-12-15 10:53:39,759 ERROR FAILED_COMMAND: beeline -u "jdbc:hive2://tw-suse2203:10000/default;principal=hive/tw-suse2203@TDH" -f cmd/inceptor/hive2
2016-12-15 10:53:39,760 ERROR ERROR_MESSAGE : sh: beeline: command not found
2016-12-15 10:53:39,765 ERROR FAILED_COMMAND: kinit hive/tw-suse2203 -kt /etc/inceptorsql1/hive.keytab
2016-12-15 10:53:39,766 ERROR ERROR_MESSAGE : sh: kinit: command not found
2016-12-15 10:53:39,772 ERROR FAILED_COMMAND: beeline -u "jdbc:hive2://tw-suse2204:10000/default;principal=hive/tw-suse2204@TDH" -f cmd/inceptor/hive2
2016-12-15 10:53:39,774 ERROR ERROR_MESSAGE : sh: beeline: command not found
2016-12-15 10:54:35,689 ERROR FAILED_COMMAND: kinit hive/tw-suse2203 -kt /etc/inceptorsql1/hive.keytab
2016-12-15 10:54:35,690 ERROR ERROR_MESSAGE : sh: kinit: command not found
2016-12-15 10:54:35,706 ERROR FAILED_COMMAND: beeline -u "jdbc:hive2://tw-suse2203:10000/default;principal=hive/tw-suse2203@TDH" -f cmd/inceptor/hive2
2016-12-15 10:54:35,711 ERROR ERROR_MESSAGE : sh: beeline: command not found
2016-12-15 10:54:35,721 ERROR FAILED_COMMAND: kinit hive/tw-suse2203 -kt /etc/inceptorsql1/hive.keytab
2016-12-15 10:54:35,726 ERROR ERROR_MESSAGE : sh: kinit: command not found
2016-12-15 10:54:35,731 ERROR FAILED_COMMAND: beeline -u "jdbc:hive2://tw-suse2204:10000/default;principal=hive/tw-suse2204@TDH" -f cmd/inceptor/hive2
2016-12-15 10:54:35,734 ERROR ERROR_MESSAGE : sh: beeline: command not found
2016-12-15 13:40:40,951 ERROR FAILED_COMMAND: kinit hive/tw-suse2203 -kt /etc/inceptorsql1/hive.keytab
2016-12-15 13:40:40,952 ERROR ERROR_MESSAGE : sh: kinit: command not found
2016-12-15 13:40:40,958 ERROR FAILED_COMMAND: beeline -u "jdbc:hive2://tw-suse2203:10000/default;principal=hive/tw-suse2203@TDH" -f cmd/inceptor/hive2
2016-12-15 13:40:40,959 ERROR ERROR_MESSAGE : sh: beeline: command not found
2016-12-15 13:40:40,963 ERROR FAILED_COMMAND: kinit hive/tw-suse2203 -kt /etc/inceptorsql1/hive.keytab
2016-12-15 13:40:40,965 ERROR ERROR_MESSAGE : sh: kinit: command not found
2016-12-15 13:40:40,970 ERROR FAILED_COMMAND: beeline -u "jdbc:hive2://tw-suse2204:10000/default;principal=hive/tw-suse2204@TDH" -f cmd/inceptor/hive2
2016-12-15 13:40:40,971 ERROR ERROR_MESSAGE : sh: beeline: command not found
2016-12-16 09:29:43,724 ERROR FAILED_COMMAND: kinit hive/tw-suse2203 -kt /etc/inceptorsql1/hive.keytab
2016-12-16 09:29:43,742 ERROR ERROR_MESSAGE : sh: kinit: command not found
2016-12-16 09:29:43,746 ERROR FAILED_COMMAND: beeline -u "jdbc:hive2://tw-suse2203:10000/default;principal=hive/tw-suse2203@TDH" -f cmd/inceptor/hive2
2016-12-16 09:29:43,748 ERROR ERROR_MESSAGE : sh: beeline: command not found
2016-12-16 09:29:43,754 ERROR FAILED_COMMAND: kinit hive/tw-suse2203 -kt /etc/inceptorsql1/hive.keytab
2016-12-16 09:29:43,755 ERROR ERROR_MESSAGE : sh: kinit: command not found
2016-12-16 09:29:43,761 ERROR FAILED_COMMAND: beeline -u "jdbc:hive2://tw-suse2204:10000/default;principal=hive/tw-suse2204@TDH" -f cmd/inceptor/hive2
2016-12-16 09:29:43,763 ERROR ERROR_MESSAGE : sh: beeline: command not found
2016-12-16 09:34:39,164 ERROR FAILED_COMMAND: kinit hive/tw-suse2203 -kt /etc/inceptorsql1/hive.keytab
2016-12-16 09:34:39,166 ERROR ERROR_MESSAGE : sh: kinit: command not found
2016-12-16 09:34:39,181 ERROR FAILED_COMMAND: beeline -u "jdbc:hive2://tw-suse2203:10000/default;principal=hive/tw-suse2203@TDH" -f cmd/inceptor/hive2
2016-12-16 09:34:39,187 ERROR ERROR_MESSAGE : sh: beeline: command not found
2016-12-16 09:34:39,199 ERROR FAILED_COMMAND: kinit hive/tw-suse2203 -kt /etc/inceptorsql1/hive.keytab
2016-12-16 09:34:39,203 ERROR ERROR_MESSAGE : sh: kinit: command not found
2016-12-16 09:34:39,219 ERROR FAILED_COMMAND: beeline -u "jdbc:hive2://tw-suse2204:10000/default;principal=hive/tw-suse2204@TDH" -f cmd/inceptor/hive2
2016-12-16 09:34:39,223 ERROR ERROR_MESSAGE : sh: beeline: command not found
2016-12-16 09:36:54,801 ERROR FAILED_COMMAND: kinit hive/tw-suse2203 -kt /etc/inceptorsql1/hive.keytab
2016-12-16 09:36:54,802 ERROR ERROR_MESSAGE : sh: kinit: command not found
2016-12-16 09:36:54,810 ERROR FAILED_COMMAND: beeline -u "jdbc:hive2://tw-suse2203:10000/default;principal=hive/tw-suse2203@TDH" -f cmd/inceptor/hive2
2016-12-16 09:36:54,812 ERROR ERROR_MESSAGE : sh: beeline: command not found
2016-12-16 09:36:54,821 ERROR FAILED_COMMAND: kinit hive/tw-suse2203 -kt /etc/inceptorsql1/hive.keytab
2016-12-16 09:36:54,824 ERROR ERROR_MESSAGE : sh: kinit: command not found
2016-12-16 09:36:54,850 ERROR FAILED_COMMAND: beeline -u "jdbc:hive2://tw-suse2204:10000/default;principal=hive/tw-suse2204@TDH" -f cmd/inceptor/hive2
2016-12-16 09:36:54,851 ERROR ERROR_MESSAGE : sh: beeline: command not found
2016-12-16 09:39:50,678 ERROR FAILED_COMMAND: kinit hive/tw-suse2203 -kt /etc/inceptorsql1/hive.keytab
2016-12-16 09:39:50,684 ERROR ERROR_MESSAGE : sh: kinit: command not found
2016-12-16 09:39:50,700 ERROR FAILED_COMMAND: beeline -u "jdbc:hive2://tw-suse2203:10000/default;principal=hive/tw-suse2203@TDH" -f cmd/inceptor/hive2
2016-12-16 09:39:50,702 ERROR ERROR_MESSAGE : sh: beeline: command not found
2016-12-16 09:39:50,722 ERROR FAILED_COMMAND: kinit hive/tw-suse2203 -kt /etc/inceptorsql1/hive.keytab
2016-12-16 09:39:50,724 ERROR ERROR_MESSAGE : sh: kinit: command not found
2016-12-16 09:39:50,737 ERROR FAILED_COMMAND: beeline -u "jdbc:hive2://tw-suse2204:10000/default;principal=hive/tw-suse2204@TDH" -f cmd/inceptor/hive2
2016-12-16 09:39:50,738 ERROR ERROR_MESSAGE : sh: beeline: command not found
2016-12-16 09:41:23,347 ERROR FAILED_COMMAND: kinit hive/tw-suse2203 -kt /etc/inceptorsql1/hive.keytab
2016-12-16 09:41:23,354 ERROR ERROR_MESSAGE : sh: kinit: command not found
2016-12-16 09:41:23,362 ERROR FAILED_COMMAND: beeline -u "jdbc:hive2://tw-suse2203:10000/default;principal=hive/tw-suse2203@TDH" -f cmd/inceptor/hive2
2016-12-16 09:41:23,364 ERROR ERROR_MESSAGE : sh: beeline: command not found
2016-12-16 09:41:23,370 ERROR FAILED_COMMAND: kinit hive/tw-suse2203 -kt /etc/inceptorsql1/hive.keytab
2016-12-16 09:41:23,372 ERROR ERROR_MESSAGE : sh: kinit: command not found
2016-12-16 09:41:23,378 ERROR FAILED_COMMAND: beeline -u "jdbc:hive2://tw-suse2204:10000/default;principal=hive/tw-suse2204@TDH" -f cmd/inceptor/hive2
2016-12-16 09:41:23,380 ERROR ERROR_MESSAGE : sh: beeline: command not found
2016-12-16 10:20:19,554 ERROR FAILED_COMMAND: kinit hive/tw-suse2203 -kt /etc/inceptorsql1/hive.keytab
2016-12-16 10:20:19,564 ERROR ERROR_MESSAGE : sh: kinit: command not found
2016-12-16 10:20:19,581 ERROR FAILED_COMMAND: beeline -u "jdbc:hive2://tw-suse2203:10000/default;principal=hive/tw-suse2203@TDH" -f cmd/inceptor/hive2
2016-12-16 10:20:19,593 ERROR ERROR_MESSAGE : sh: beeline: command not found
2016-12-16 10:20:19,620 ERROR FAILED_COMMAND: kinit hive/tw-suse2203 -kt /etc/inceptorsql1/hive.keytab
2016-12-16 10:20:19,630 ERROR ERROR_MESSAGE : sh: kinit: command not found
2016-12-16 10:20:19,645 ERROR FAILED_COMMAND: beeline -u "jdbc:hive2://tw-suse2204:10000/default;principal=hive/tw-suse2204@TDH" -f cmd/inceptor/hive2
2016-12-16 10:20:19,654 ERROR ERROR_MESSAGE : sh: beeline: command not found
2016-12-16 10:21:34,567 ERROR FAILED_COMMAND: kinit hive/tw-suse2203 -kt /etc/inceptorsql1/hive.keytab
2016-12-16 10:21:34,574 ERROR ERROR_MESSAGE : sh: kinit: command not found
2016-12-16 10:21:34,585 ERROR FAILED_COMMAND: beeline -u "jdbc:hive2://tw-suse2203:10000/default;principal=hive/tw-suse2203@TDH" -f cmd/inceptor/hive2
2016-12-16 10:21:34,590 ERROR ERROR_MESSAGE : sh: beeline: command not found
2016-12-16 10:21:34,606 ERROR FAILED_COMMAND: kinit hive/tw-suse2203 -kt /etc/inceptorsql1/hive.keytab
2016-12-16 10:21:34,627 ERROR ERROR_MESSAGE : sh: kinit: command not found
2016-12-16 10:21:34,642 ERROR FAILED_COMMAND: beeline -u "jdbc:hive2://tw-suse2204:10000/default;principal=hive/tw-suse2204@TDH" -f cmd/inceptor/hive2
2016-12-16 10:21:34,648 ERROR ERROR_MESSAGE : sh: beeline: command not found
2016-12-16 10:25:06,107 ERROR FAILED_COMMAND: kinit hive/tw-suse2203 -kt /etc/inceptorsql1/hive.keytab
2016-12-16 10:25:06,112 ERROR ERROR_MESSAGE : sh: kinit: command not found
2016-12-16 10:25:06,121 ERROR FAILED_COMMAND: beeline -u "jdbc:hive2://tw-suse2203:10000/default;principal=hive/tw-suse2203@TDH" -f cmd/inceptor/hive2
2016-12-16 10:25:06,127 ERROR ERROR_MESSAGE : sh: beeline: command not found
2016-12-16 10:25:06,139 ERROR FAILED_COMMAND: kinit hive/tw-suse2203 -kt /etc/inceptorsql1/hive.keytab
2016-12-16 10:25:06,149 ERROR ERROR_MESSAGE : sh: kinit: command not found
2016-12-16 10:25:06,186 ERROR FAILED_COMMAND: beeline -u "jdbc:hive2://tw-suse2204:10000/default;principal=hive/tw-suse2204@TDH" -f cmd/inceptor/hive2
2016-12-16 10:25:06,210 ERROR ERROR_MESSAGE : sh: beeline: command not found
2016-12-16 14:57:11,767 ERROR FAILED_COMMAND: kinit hive/centos1 -kt /etc/inceptorsql1/hive.keytab
2016-12-16 14:57:11,769 ERROR ERROR_MESSAGE : sh: kinit: command not found
2016-12-16 14:57:11,792 ERROR FAILED_COMMAND: beeline -u "jdbc:hive2://centos1:10000/default;principal=hive/centos1@TDH" -f cmd/inceptor/hive2
2016-12-16 14:57:11,793 ERROR ERROR_MESSAGE : sh: beeline: command not found
2016-12-16 14:57:11,798 ERROR FAILED_COMMAND: kinit hive/centos1 -kt /etc/inceptorsql1/hive.keytab
2016-12-16 14:57:11,800 ERROR ERROR_MESSAGE : sh: kinit: command not found
2016-12-16 14:57:11,804 ERROR FAILED_COMMAND: beeline -u "jdbc:hive2://centos2:10000/default;principal=hive/centos2@TDH" -f cmd/inceptor/hive2
2016-12-16 14:57:11,806 ERROR ERROR_MESSAGE : sh: beeline: command not found
2016-12-16 14:58:13,883 ERROR FAILED_COMMAND: kinit hive/centos1 -kt /etc/inceptorsql1/hive.keytab
2016-12-16 14:58:13,884 ERROR ERROR_MESSAGE : sh: kinit: command not found
2016-12-16 14:58:13,889 ERROR FAILED_COMMAND: beeline -u "jdbc:hive2://centos1:10000/default;principal=hive/centos1@TDH" -f cmd/inceptor/hive2
2016-12-16 14:58:13,907 ERROR ERROR_MESSAGE : sh: beeline: command not found
2016-12-16 14:58:13,911 ERROR FAILED_COMMAND: kinit hive/centos1 -kt /etc/inceptorsql1/hive.keytab
2016-12-16 14:58:13,913 ERROR ERROR_MESSAGE : sh: kinit: command not found
2016-12-16 14:58:13,919 ERROR FAILED_COMMAND: beeline -u "jdbc:hive2://centos2:10000/default;principal=hive/centos2@TDH" -f cmd/inceptor/hive2
2016-12-16 14:58:13,920 ERROR ERROR_MESSAGE : sh: beeline: command not found
